<?xml version="1.0" encoding="UTF-8"?>
<!-- Generated by org.testng.reporters.JUnitReportReporter -->
<testsuite hostname="DESKTOP-DBCU9KO" failures="0" tests="3" name="com.actitime.qa.testcases.LogonPageTest" time="60.872" errors="0" timestamp="11 Mar 2023 09:37:39 GMT" skipped="0">
  <testcase classname="com.actitime.qa.testcases.LogonPageTest" name="loginPageLogoTest" time="19.762"/>
  <testcase classname="com.actitime.qa.testcases.LogonPageTest" name="LoginTest" time="28.953"/>
  <testcase classname="com.actitime.qa.testcases.LogonPageTest" name="LoginTest" time="12.157"/>
</testsuite> <!-- com.actitime.qa.testcases.LogonPageTest -->
