<?xml version="1.0" encoding="UTF-8"?>
<!-- Generated by org.testng.reporters.JUnitReportReporter -->
<testsuite hostname="DESKTOP-DBCU9KO" failures="0" tests="3" name="com.actitime.qa.testcases.UserPageTest" time="67.677" errors="0" timestamp="16 Mar 2023 03:18:29 GMT" skipped="0">
  <testcase classname="com.actitime.qa.testcases.UserPageTest" name="homePageLogoTest" time="18.566"/>
  <testcase classname="com.actitime.qa.testcases.UserPageTest" name="homePageUsersLinkTest" time="20.304"/>
  <testcase classname="com.actitime.qa.testcases.UserPageTest" name="UsersPageTest" time="28.807"/>
</testsuite> <!-- com.actitime.qa.testcases.UserPageTest -->
