<?xml version="1.0" encoding="UTF-8"?>
<!-- Generated by org.testng.reporters.JUnitReportReporter -->
<testsuite hostname="DESKTOP-DBCU9KO" failures="0" tests="2" name="com.actitime.qa.testcases.HomePageTest" time="43.369" errors="0" timestamp="16 Mar 2023 05:38:06 GMT" skipped="0">
  <testcase classname="com.actitime.qa.testcases.HomePageTest" name="homePageLogoTest" time="22.095"/>
  <testcase classname="com.actitime.qa.testcases.HomePageTest" name="homePageUsersLinkTest" time="21.274"/>
</testsuite> <!-- com.actitime.qa.testcases.HomePageTest -->
