<?xml version="1.0" encoding="UTF-8"?>
<!-- Generated by org.testng.reporters.JUnitReportReporter -->
<testsuite hostname="DESKTOP-DBCU9KO" failures="0" tests="1" name="com.actitime.qa.testcases.AddUserPageTest" time="75.492" errors="0" timestamp="20 Mar 2023 13:25:42 GMT" skipped="0">
  <testcase classname="com.actitime.qa.testcases.AddUserPageTest" name="addNewUserTest" time="75.492"/>
</testsuite> <!-- com.actitime.qa.testcases.AddUserPageTest -->
